<?xml version="1.0" encoding="UTF-8"?>
<!-- Generated by org.testng.reporters.JUnitReportReporter -->
<testsuite hostname="DESKTOP-OEB8KDE" failures="0" tests="1" name="guestFlowTest.RestaurantNameTest" time="3.811" errors="0" timestamp="2023-05-08T10:49:45 IST" skipped="0">
  <testcase classname="guestFlowTest.RestaurantNameTest" name="testRestaurantName" time="3.811"/>
  <system-out/>
</testsuite> <!-- guestFlowTest.RestaurantNameTest -->
