<?xml version="1.0" encoding="UTF-8"?>
<!-- Generated by org.testng.reporters.JUnitReportReporter -->
<testsuite hostname="DESKTOP-OEB8KDE" failures="0" tests="1" name="Lmc_CustomerTest.LoginTest" time="10.752" errors="0" timestamp="2023-06-20T12:38:47 IST" skipped="0">
  <testcase classname="Lmc_CustomerTest.LoginTest" name="loginTest" time="10.752"/>
  <system-out/>
</testsuite> <!-- Lmc_CustomerTest.LoginTest -->
